Date: Sat Dec 19 21:36:48 2015
GET /index.html HTTP/1.1
Host: localhost:1234
Connection: keep-alive
Cache-Control: max-age=0
Accept: text/html,application/xhtml+xml,application/xml;q=0.9,image/webp,*/*;q=0.8
Upgrade-Insecure-Requests: 1
User-Agent: Mozilla/5.0 (X11; Linux x86_64) AppleWebKit/537.36 (KHTML, like Gecko) Chrome/47.0.2526.73 Safari/537.36
DNT: 1
Accept-Encoding: gzip, deflate, sdch
Accept-Language: en-US,en;q=0.8,ja;q=0.6,ms;q=0.4
Cookie: doxygen_width=256

Date: Sat Dec 19 21:36:48 2015
GET /link.html HTTP/1.1
Host: localhost:1234
Connection: keep-alive
Accept: text/html,application/xhtml+xml,application/xml;q=0.9,image/webp,*/*;q=0.8
Upgrade-Insecure-Requests: 1
User-Agent: Mozilla/5.0 (X11; Linux x86_64) AppleWebKit/537.36 (KHTML, like Gecko) Chrome/47.0.2526.73 Safari/537.36
DNT: 1
Referer: http://localhost:1234/index.html
Accept-Encoding: gzip, deflate, sdch
Accept-Language: en-US,en;q=0.8,ja;q=0.6,ms;q=0.4
Cookie: doxygen_width=256

Date: Sat Dec 19 21:36:48 2015
GET /link2.html HTTP/1.1
Host: localhost:1234
Connection: keep-alive
Accept: text/html,application/xhtml+xml,application/xml;q=0.9,image/webp,*/*;q=0.8
Upgrade-Insecure-Requests: 1
User-Agent: Mozilla/5.0 (X11; Linux x86_64) AppleWebKit/537.36 (KHTML, like Gecko) Chrome/47.0.2526.73 Safari/537.36
DNT: 1
Referer: http://localhost:1234/link.html
Accept-Encoding: gzip, deflate, sdch
Accept-Language: en-US,en;q=0.8,ja;q=0.6,ms;q=0.4
Cookie: doxygen_width=256

Date: Sat Dec 19 21:36:48 2015
GET /index.html HTTP/1.1
Host: localhost:1234
Connection: keep-alive
Accept: text/html,application/xhtml+xml,application/xml;q=0.9,image/webp,*/*;q=0.8
Upgrade-Insecure-Requests: 1
User-Agent: Mozilla/5.0 (X11; Linux x86_64) AppleWebKit/537.36 (KHTML, like Gecko) Chrome/47.0.2526.73 Safari/537.36
DNT: 1
Referer: http://localhost:1234/link2.html
Accept-Encoding: gzip, deflate, sdch
Accept-Language: en-US,en;q=0.8,ja;q=0.6,ms;q=0.4
Cookie: doxygen_width=256

Date: Sat Dec 19 21:36:48 2015
GET /link.html HTTP/1.1
Host: localhost:1234
Connection: keep-alive
Accept: text/html,application/xhtml+xml,application/xml;q=0.9,image/webp,*/*;q=0.8
Upgrade-Insecure-Requests: 1
User-Agent: Mozilla/5.0 (X11; Linux x86_64) AppleWebKit/537.36 (KHTML, like Gecko) Chrome/47.0.2526.73 Safari/537.36
DNT: 1
Referer: http://localhost:1234/index.html
Accept-Encoding: gzip, deflate, sdch
Accept-Language: en-US,en;q=0.8,ja;q=0.6,ms;q=0.4
Cookie: doxygen_width=256

Date: Sat Dec 19 21:36:48 2015
GET /link2.html HTTP/1.1
Host: localhost:1234
Connection: keep-alive
Accept: text/html,application/xhtml+xml,application/xml;q=0.9,image/webp,*/*;q=0.8
Upgrade-Insecure-Requests: 1
User-Agent: Mozilla/5.0 (X11; Linux x86_64) AppleWebKit/537.36 (KHTML, like Gecko) Chrome/47.0.2526.73 Safari/537.36
DNT: 1
Referer: http://localhost:1234/link.html
Accept-Encoding: gzip, deflate, sdch
Accept-Language: en-US,en;q=0.8,ja;q=0.6,ms;q=0.4
Cookie: doxygen_width=256

Date: Sat Dec 19 21:36:48 2015
GET /index.html HTTP/1.1
Host: localhost:1234
Connection: keep-alive
Accept: text/html,application/xhtml+xml,application/xml;q=0.9,image/webp,*/*;q=0.8
Upgrade-Insecure-Requests: 1
User-Agent: Mozilla/5.0 (X11; Linux x86_64) AppleWebKit/537.36 (KHTML, like Gecko) Chrome/47.0.2526.73 Safari/537.36
DNT: 1
Referer: http://localhost:1234/link2.html
Accept-Encoding: gzip, deflate, sdch
Accept-Language: en-US,en;q=0.8,ja;q=0.6,ms;q=0.4
Cookie: doxygen_width=256

Date: Sat Dec 19 21:49:16 2015
GET /index.html HTTP/1.1
Host: localhost:1234
Connection: keep-alive
Cache-Control: max-age=0
Accept: text/html,application/xhtml+xml,application/xml;q=0.9,image/webp,*/*;q=0.8
Upgrade-Insecure-Requests: 1
User-Agent: Mozilla/5.0 (X11; Linux x86_64) AppleWebKit/537.36 (KHTML, like Gecko) Chrome/47.0.2526.73 Safari/537.36
DNT: 1
Accept-Encoding: gzip, deflate, sdch
Accept-Language: en-US,en;q=0.8,ja;q=0.6,ms;q=0.4
Cookie: doxygen_width=256

Date: Sat Dec 19 21:49:16 2015
GET /link.html HTTP/1.1
Host: localhost:1234
Connection: keep-alive
Accept: text/html,application/xhtml+xml,application/xml;q=0.9,image/webp,*/*;q=0.8
Upgrade-Insecure-Requests: 1
User-Agent: Mozilla/5.0 (X11; Linux x86_64) AppleWebKit/537.36 (KHTML, like Gecko) Chrome/47.0.2526.73 Safari/537.36
DNT: 1
Referer: http://localhost:1234/index.html
Accept-Encoding: gzip, deflate, sdch
Accept-Language: en-US,en;q=0.8,ja;q=0.6,ms;q=0.4
Cookie: doxygen_width=256

Date: Sat Dec 19 21:53:00 2015
GET /link.html HTTP/1.1
Host: localhost:1234
Connection: keep-alive
Cache-Control: max-age=0
Accept: text/html,application/xhtml+xml,application/xml;q=0.9,image/webp,*/*;q=0.8
Upgrade-Insecure-Requests: 1
User-Agent: Mozilla/5.0 (X11; Linux x86_64) AppleWebKit/537.36 (KHTML, like Gecko) Chrome/47.0.2526.73 Safari/537.36
DNT: 1
Accept-Encoding: gzip, deflate, sdch
Accept-Language: en-US,en;q=0.8,ja;q=0.6,ms;q=0.4
Cookie: doxygen_width=256

Date: Sat Dec 19 21:53:00 2015
GET /link2.html HTTP/1.1
Host: localhost:1234
Connection: keep-alive
Accept: text/html,application/xhtml+xml,application/xml;q=0.9,image/webp,*/*;q=0.8
Upgrade-Insecure-Requests: 1
User-Agent: Mozilla/5.0 (X11; Linux x86_64) AppleWebKit/537.36 (KHTML, like Gecko) Chrome/47.0.2526.73 Safari/537.36
DNT: 1
Referer: http://localhost:1234/link.html
Accept-Encoding: gzip, deflate, sdch
Accept-Language: en-US,en;q=0.8,ja;q=0.6,ms;q=0.4
Cookie: doxygen_width=256

Date: Sat Dec 19 21:53:00 2015
GET /index.html HTTP/1.1
Host: localhost:1234
Connection: keep-alive
Accept: text/html,application/xhtml+xml,application/xml;q=0.9,image/webp,*/*;q=0.8
Upgrade-Insecure-Requests: 1
User-Agent: Mozilla/5.0 (X11; Linux x86_64) AppleWebKit/537.36 (KHTML, like Gecko) Chrome/47.0.2526.73 Safari/537.36
DNT: 1
Referer: http://localhost:1234/link2.html
Accept-Encoding: gzip, deflate, sdch
Accept-Language: en-US,en;q=0.8,ja;q=0.6,ms;q=0.4
Cookie: doxygen_width=256

Date: Sat Dec 19 21:53:00 2015
GET /link.html HTTP/1.1
Host: localhost:1234
Connection: keep-alive
Accept: text/html,application/xhtml+xml,application/xml;q=0.9,image/webp,*/*;q=0.8
Upgrade-Insecure-Requests: 1
User-Agent: Mozilla/5.0 (X11; Linux x86_64) AppleWebKit/537.36 (KHTML, like Gecko) Chrome/47.0.2526.73 Safari/537.36
DNT: 1
Referer: http://localhost:1234/index.html
Accept-Encoding: gzip, deflate, sdch
Accept-Language: en-US,en;q=0.8,ja;q=0.6,ms;q=0.4
Cookie: doxygen_width=256

Date: Sat Dec 19 21:53:00 2015
GET /link2.html HTTP/1.1
Host: localhost:1234
Connection: keep-alive
Accept: text/html,application/xhtml+xml,application/xml;q=0.9,image/webp,*/*;q=0.8
Upgrade-Insecure-Requests: 1
User-Agent: Mozilla/5.0 (X11; Linux x86_64) AppleWebKit/537.36 (KHTML, like Gecko) Chrome/47.0.2526.73 Safari/537.36
DNT: 1
Referer: http://localhost:1234/link.html
Accept-Encoding: gzip, deflate, sdch
Accept-Language: en-US,en;q=0.8,ja;q=0.6,ms;q=0.4
Cookie: doxygen_width=256

Date: Sat Dec 19 21:53:00 2015
GET /index.html HTTP/1.1
Host: localhost:1234
Connection: keep-alive
Accept: text/html,application/xhtml+xml,application/xml;q=0.9,image/webp,*/*;q=0.8
Upgrade-Insecure-Requests: 1
User-Agent: Mozilla/5.0 (X11; Linux x86_64) AppleWebKit/537.36 (KHTML, like Gecko) Chrome/47.0.2526.73 Safari/537.36
DNT: 1
Referer: http://localhost:1234/link2.html
Accept-Encoding: gzip, deflate, sdch
Accept-Language: en-US,en;q=0.8,ja;q=0.6,ms;q=0.4
Cookie: doxygen_width=256

Date: Sat Dec 19 21:53:00 2015
GET /link.html HTTP/1.1
Host: localhost:1234
Connection: keep-alive
Accept: text/html,application/xhtml+xml,application/xml;q=0.9,image/webp,*/*;q=0.8
Upgrade-Insecure-Requests: 1
User-Agent: Mozilla/5.0 (X11; Linux x86_64) AppleWebKit/537.36 (KHTML, like Gecko) Chrome/47.0.2526.73 Safari/537.36
DNT: 1
Referer: http://localhost:1234/index.html
Accept-Encoding: gzip, deflate, sdch
Accept-Language: en-US,en;q=0.8,ja;q=0.6,ms;q=0.4
Cookie: doxygen_width=256

Date: Sat Dec 19 21:55:15 2015
GET / HTTP/1.1
Host: localhost:1234
Connection: keep-alive
Accept: text/html,application/xhtml+xml,application/xml;q=0.9,image/webp,*/*;q=0.8
Upgrade-Insecure-Requests: 1
User-Agent: Mozilla/5.0 (X11; Linux x86_64) AppleWebKit/537.36 (KHTML, like Gecko) Chrome/47.0.2526.73 Safari/537.36
DNT: 1
Accept-Encoding: gzip, deflate, sdch
Accept-Language: en-US,en;q=0.8,ja;q=0.6,ms;q=0.4
Cookie: doxygen_width=256

Date: Sat Dec 19 21:55:15 2015
GET /link.html HTTP/1.1
Host: localhost:1234
Connection: keep-alive
Accept: text/html,application/xhtml+xml,application/xml;q=0.9,image/webp,*/*;q=0.8
Upgrade-Insecure-Requests: 1
User-Agent: Mozilla/5.0 (X11; Linux x86_64) AppleWebKit/537.36 (KHTML, like Gecko) Chrome/47.0.2526.73 Safari/537.36
DNT: 1
Referer: http://localhost:1234/
Accept-Encoding: gzip, deflate, sdch
Accept-Language: en-US,en;q=0.8,ja;q=0.6,ms;q=0.4
Cookie: doxygen_width=256

Date: Sat Dec 19 21:55:15 2015
GET /link2.html HTTP/1.1
Host: localhost:1234
Connection: keep-alive
Accept: text/html,application/xhtml+xml,application/xml;q=0.9,image/webp,*/*;q=0.8
Upgrade-Insecure-Requests: 1
User-Agent: Mozilla/5.0 (X11; Linux x86_64) AppleWebKit/537.36 (KHTML, like Gecko) Chrome/47.0.2526.73 Safari/537.36
DNT: 1
Referer: http://localhost:1234/link.html
Accept-Encoding: gzip, deflate, sdch
Accept-Language: en-US,en;q=0.8,ja;q=0.6,ms;q=0.4
Cookie: doxygen_width=256

